{"numFailedTestSuites":0,"numFailedTests":0,"numPassedTestSuites":3,"numPassedTests":7,"numPendingTestSuites":0,"numPendingTests":0,"numRuntimeErrorTestSuites":0,"numTodoTests":0,"numTotalTestSuites":3,"numTotalTests":7,"openHandles":[],"snapshot":{"added":0,"didUpdate":false,"failure":false,"filesAdded":0,"filesRemoved":0,"filesRemovedList":[],"filesUnmatched":0,"filesUpdated":0,"matched":0,"total":0,"unchecked":0,"uncheckedKeysByFile":[],"unmatched":0,"updated":0},"startTime":1785346068468,"success":true,"testResults":[{"assertionResults":[{"ancestorTitles":["Two-factor login enforcement"],"duration":4,"failureDetails":[],"failureMessages":[],"fullName":"Two-factor login enforcement requires a code for users with 2FA enabled","invocations":1,"location":null,"numPassingAsserts":2,"retryReasons":[],"status":"passed","title":"requires a code for users with 2FA enabled"},{"ancestorTitles":["Two-factor login enforcement"],"duration":3,"failureDetails":[],"failureMessages":[],"fullName":"Two-factor login enforcement accepts a valid code for enabled users","invocations":1,"location":null,"numPassingAsserts":2,"retryReasons":[],"status":"passed","title":"accepts a valid code for enabled users"}],"endTime":1785346073013,"message":"","name":"C:\\Users\\A S P I R E 7\\NepDeals\\Jhasha_RestaurantApi\\src\\__tests__\\unit\\authController2fa.test.ts","startTime":1785346068868,"status":"passed","summary":""},{"assertionResults":[{"ancestorTitles":["Password policy helpers"],"duration":3,"failureDetails":[],"failureMessages":[],"fullName":"Password policy helpers rejects short or weak passwords","invocations":1,"location":null,"numPassingAsserts":2,"retryReasons":[],"status":"passed","title":"rejects short or weak passwords"},{"ancestorTitles":["Password policy helpers"],"duration":2,"failureDetails":[],"failureMessages":[],"fullName":"Password policy helpers accepts strong passwords with mixed complexity","invocations":1,"location":null,"numPassingAsserts":2,"retryReasons":[],"status":"passed","title":"accepts strong passwords with mixed complexity"},{"ancestorTitles":["Password policy helpers"],"duration":3,"failureDetails":[],"failureMessages":[],"fullName":"Password policy helpers scores password strength for feedback","invocations":1,"location":null,"numPassingAsserts":2,"retryReasons":[],"status":"passed","title":"scores password strength for feedback"}],"endTime":1785346074938,"message":"","name":"C:\\Users\\A S P I R E 7\\NepDeals\\Jhasha_RestaurantApi\\src\\__tests__\\unit\\securityPolicy.test.ts","startTime":1785346073029,"status":"passed","summary":""},{"assertionResults":[{"ancestorTitles":["Two-factor helpers"],"duration":2,"failureDetails":[],"failureMessages":[],"fullName":"Two-factor helpers generates a non-empty secret for setup","invocations":1,"location":null,"numPassingAsserts":2,"retryReasons":[],"status":"passed","title":"generates a non-empty secret for setup"},{"ancestorTitles":["Two-factor helpers"],"duration":1,"failureDetails":[],"failureMessages":[],"fullName":"Two-factor helpers builds an otpauth URL for QR-code setup","invocations":1,"location":null,"numPassingAsserts":2,"retryReasons":[],"status":"passed","title":"builds an otpauth URL for QR-code setup"}],"endTime":1785346077125,"message":"","name":"C:\\Users\\A S P I R E 7\\NepDeals\\Jhasha_RestaurantApi\\src\\__tests__\\unit\\twoFactor.test.ts","startTime":1785346074947,"status":"passed","summary":""}],"wasInterrupted":false}
